C:\UF_TEACHING\CAP4730\PROG\PROJ4\PROG4_GLSLSHADERS_SUBMIT\SRC\MAINSRC\DEBUG\MAIN.OBJ
C:\UF_TEACHING\CAP4730\PROG\PROJ4\PROG4_GLSLSHADERS_SUBMIT\SRC\MAINSRC\DEBUG\UTILITIES.OBJ
C:\UF_TEACHING\CAP4730\PROG\PROJ4\PROG4_GLSLSHADERS_SUBMIT\SRC\MAINSRC\DEBUG\VC110.PDB
C:\UF_TEACHING\CAP4730\PROG\PROJ4\PROG4_GLSLSHADERS_SUBMIT\SRC\MAINSRC\DEBUG\PROJ4_GLSLSHADERS.EXE
C:\UF_TEACHING\CAP4730\PROG\PROJ4\PROG4_GLSLSHADERS_SUBMIT\SRC\MAINSRC\DEBUG\PROJ4_GLSLSHADERS.PDB
C:\UF_Teaching\CAP4730\prog\proj4\prog4_GLSLshaders_submit\src\mainsrc\Debug\main.obj
C:\UF_Teaching\CAP4730\prog\proj4\prog4_GLSLshaders_submit\src\mainsrc\Debug\utilities.obj
C:\UF_Teaching\CAP4730\prog\proj4\prog4_GLSLshaders_submit\src\mainsrc\Debug\cl.command.1.tlog
C:\UF_Teaching\CAP4730\prog\proj4\prog4_GLSLshaders_submit\src\mainsrc\Debug\CL.read.1.tlog
C:\UF_Teaching\CAP4730\prog\proj4\prog4_GLSLshaders_submit\src\mainsrc\Debug\CL.write.1.tlog
C:\UF_Teaching\CAP4730\prog\proj4\prog4_GLSLshaders_submit\src\mainsrc\Debug\link-cvtres.read.1.tlog
C:\UF_Teaching\CAP4730\prog\proj4\prog4_GLSLshaders_submit\src\mainsrc\Debug\link-cvtres.write.1.tlog
C:\UF_Teaching\CAP4730\prog\proj4\prog4_GLSLshaders_submit\src\mainsrc\Debug\link-rc.read.1.tlog
C:\UF_Teaching\CAP4730\prog\proj4\prog4_GLSLshaders_submit\src\mainsrc\Debug\link-rc.write.1.tlog
C:\UF_Teaching\CAP4730\prog\proj4\prog4_GLSLshaders_submit\src\mainsrc\Debug\link.command.1.tlog
C:\UF_Teaching\CAP4730\prog\proj4\prog4_GLSLshaders_submit\src\mainsrc\Debug\link.read.1.tlog
C:\UF_Teaching\CAP4730\prog\proj4\prog4_GLSLshaders_submit\src\mainsrc\Debug\link.write.1.tlog
C:\UF_Teaching\CAP4730\prog\proj4\prog4_GLSLshaders_submit\src\mainsrc\Debug\vc110.idb
C:\UF_Teaching\CAP4730\prog\proj4\prog4_GLSLshaders_submit\src\mainsrc\Debug\proj4_GLSLShaders.pdb
C:\UF_Teaching\CAP4730\prog\proj4\prog4_GLSLshaders_submit\src\mainsrc\Debug\vc110.pdb
C:\UF_Teaching\CAP4730\prog\proj4\prog4_GLSLshaders_submit\src\mainsrc\Debug\proj4_GLSLShaders.exe
