C:\UF_TEACHING\CAP4730\PROG\PROJ3\4730_PROJ3_SCENEMANIP_SUBMIT\SRC\LIBRT\DEBUG\CAMERA.OBJ
C:\UF_TEACHING\CAP4730\PROG\PROJ3\4730_PROJ3_SCENEMANIP_SUBMIT\SRC\LIBRT\DEBUG\CAMERANODE.OBJ
C:\UF_TEACHING\CAP4730\PROG\PROJ3\4730_PROJ3_SCENEMANIP_SUBMIT\SRC\LIBRT\DEBUG\GEOMETRYNODE.OBJ
C:\UF_TEACHING\CAP4730\PROG\PROJ3\4730_PROJ3_SCENEMANIP_SUBMIT\SRC\LIBRT\DEBUG\INTERSECTION.OBJ
C:\UF_TEACHING\CAP4730\PROG\PROJ3\4730_PROJ3_SCENEMANIP_SUBMIT\SRC\LIBRT\DEBUG\LIGHT.OBJ
C:\UF_TEACHING\CAP4730\PROG\PROJ3\4730_PROJ3_SCENEMANIP_SUBMIT\SRC\LIBRT\DEBUG\LIGHTNODE.OBJ
C:\UF_TEACHING\CAP4730\PROG\PROJ3\4730_PROJ3_SCENEMANIP_SUBMIT\SRC\LIBRT\DEBUG\LINEARSOLVER.OBJ
C:\UF_TEACHING\CAP4730\PROG\PROJ3\4730_PROJ3_SCENEMANIP_SUBMIT\SRC\LIBRT\DEBUG\RAY.OBJ
C:\UF_TEACHING\CAP4730\PROG\PROJ3\4730_PROJ3_SCENEMANIP_SUBMIT\SRC\LIBRT\DEBUG\RAYTRACER.OBJ
C:\UF_TEACHING\CAP4730\PROG\PROJ3\4730_PROJ3_SCENEMANIP_SUBMIT\SRC\LIBRT\DEBUG\RGBR_F.OBJ
C:\UF_TEACHING\CAP4730\PROG\PROJ3\4730_PROJ3_SCENEMANIP_SUBMIT\SRC\LIBRT\DEBUG\SCENE.OBJ
C:\UF_TEACHING\CAP4730\PROG\PROJ3\4730_PROJ3_SCENEMANIP_SUBMIT\SRC\LIBRT\DEBUG\SCENENODE.OBJ
C:\UF_TEACHING\CAP4730\PROG\PROJ3\4730_PROJ3_SCENEMANIP_SUBMIT\SRC\LIBRT\DEBUG\SHADER.OBJ
C:\UF_TEACHING\CAP4730\PROG\PROJ3\4730_PROJ3_SCENEMANIP_SUBMIT\SRC\LIBRT\DEBUG\SPHERE.OBJ
C:\UF_TEACHING\CAP4730\PROG\PROJ3\4730_PROJ3_SCENEMANIP_SUBMIT\SRC\LIBRT\DEBUG\SURFACE.OBJ
C:\UF_TEACHING\CAP4730\PROG\PROJ3\4730_PROJ3_SCENEMANIP_SUBMIT\SRC\LIBRT\DEBUG\SURFACENODE.OBJ
C:\UF_TEACHING\CAP4730\PROG\PROJ3\4730_PROJ3_SCENEMANIP_SUBMIT\SRC\LIBRT\DEBUG\TRANSFORMNODE.OBJ
C:\UF_TEACHING\CAP4730\PROG\PROJ3\4730_PROJ3_SCENEMANIP_SUBMIT\SRC\LIBRT\DEBUG\TRIANGLE.OBJ
C:\UF_TEACHING\CAP4730\PROG\PROJ3\4730_PROJ3_SCENEMANIP_SUBMIT\SRC\LIBRT\DEBUG\TRIANGLEMESHNODE.OBJ
C:\UF_TEACHING\CAP4730\PROG\PROJ3\4730_PROJ3_SCENEMANIP_SUBMIT\SRC\LIBRT\DEBUG\UTILITIES.OBJ
C:\UF_TEACHING\CAP4730\PROG\PROJ3\4730_PROJ3_SCENEMANIP_SUBMIT\SRC\LIBRT\DEBUG\VC110.PDB
C:\UF_TEACHING\CAP4730\PROG\PROJ3\4730_PROJ3_SCENEMANIP_SUBMIT\SRC\LIBRT\LIB\DEBUG\LIBRT.LIB
C:\UF_Teaching\CAP4730\prog\proj3\4730_proj3_sceneManip_submit\src\librt\Debug\Camera.obj
C:\UF_Teaching\CAP4730\prog\proj3\4730_proj3_sceneManip_submit\src\librt\Debug\CameraNode.obj
C:\UF_Teaching\CAP4730\prog\proj3\4730_proj3_sceneManip_submit\src\librt\Debug\GeometryNode.obj
C:\UF_Teaching\CAP4730\prog\proj3\4730_proj3_sceneManip_submit\src\librt\Debug\Intersection.obj
C:\UF_Teaching\CAP4730\prog\proj3\4730_proj3_sceneManip_submit\src\librt\Debug\Light.obj
C:\UF_Teaching\CAP4730\prog\proj3\4730_proj3_sceneManip_submit\src\librt\Debug\LightNode.obj
C:\UF_Teaching\CAP4730\prog\proj3\4730_proj3_sceneManip_submit\src\librt\Debug\LinearSolver.obj
C:\UF_Teaching\CAP4730\prog\proj3\4730_proj3_sceneManip_submit\src\librt\Debug\Ray.obj
C:\UF_Teaching\CAP4730\prog\proj3\4730_proj3_sceneManip_submit\src\librt\Debug\RayTracer.obj
C:\UF_Teaching\CAP4730\prog\proj3\4730_proj3_sceneManip_submit\src\librt\Debug\RGBR_f.obj
C:\UF_Teaching\CAP4730\prog\proj3\4730_proj3_sceneManip_submit\src\librt\Debug\Scene.obj
C:\UF_Teaching\CAP4730\prog\proj3\4730_proj3_sceneManip_submit\src\librt\Debug\SceneNode.obj
C:\UF_Teaching\CAP4730\prog\proj3\4730_proj3_sceneManip_submit\src\librt\Debug\Shader.obj
C:\UF_Teaching\CAP4730\prog\proj3\4730_proj3_sceneManip_submit\src\librt\Debug\Sphere.obj
C:\UF_Teaching\CAP4730\prog\proj3\4730_proj3_sceneManip_submit\src\librt\Debug\Surface.obj
C:\UF_Teaching\CAP4730\prog\proj3\4730_proj3_sceneManip_submit\src\librt\Debug\SurfaceNode.obj
C:\UF_Teaching\CAP4730\prog\proj3\4730_proj3_sceneManip_submit\src\librt\Debug\TransformNode.obj
C:\UF_Teaching\CAP4730\prog\proj3\4730_proj3_sceneManip_submit\src\librt\Debug\Triangle.obj
C:\UF_Teaching\CAP4730\prog\proj3\4730_proj3_sceneManip_submit\src\librt\Debug\TriangleMeshNode.obj
C:\UF_Teaching\CAP4730\prog\proj3\4730_proj3_sceneManip_submit\src\librt\Debug\utilities.obj
C:\UF_Teaching\CAP4730\prog\proj3\4730_proj3_sceneManip_submit\src\librt\Debug\cl.command.1.tlog
C:\UF_Teaching\CAP4730\prog\proj3\4730_proj3_sceneManip_submit\src\librt\Debug\CL.read.1.tlog
C:\UF_Teaching\CAP4730\prog\proj3\4730_proj3_sceneManip_submit\src\librt\Debug\CL.write.1.tlog
C:\UF_Teaching\CAP4730\prog\proj3\4730_proj3_sceneManip_submit\src\librt\Debug\Lib-link.read.1.tlog
C:\UF_Teaching\CAP4730\prog\proj3\4730_proj3_sceneManip_submit\src\librt\Debug\Lib-link.write.1.tlog
C:\UF_Teaching\CAP4730\prog\proj3\4730_proj3_sceneManip_submit\src\librt\Debug\lib.command.1.tlog
C:\UF_Teaching\CAP4730\prog\proj3\4730_proj3_sceneManip_submit\src\librt\Debug\vc110.idb
C:\UF_Teaching\CAP4730\prog\proj3\4730_proj3_sceneManip_submit\src\librt\Debug\vc110.pdb
C:\UF_Teaching\CAP4730\prog\proj3\4730_proj3_sceneManip_submit\src\librt\./lib/Debug\librt.lib
