C:\UF_TEACHING\CAP4730\PROG\PROJ2_RAYTRACER\SUBMIT\SRC\LIBRT\RELEASE\UTILITIES.OBJ
C:\UF_TEACHING\CAP4730\PROG\PROJ2_RAYTRACER\SUBMIT\SRC\LIBRT\RELEASE\TRIANGLE.OBJ
C:\UF_TEACHING\CAP4730\PROG\PROJ2_RAYTRACER\SUBMIT\SRC\LIBRT\RELEASE\SURFACE.OBJ
C:\UF_TEACHING\CAP4730\PROG\PROJ2_RAYTRACER\SUBMIT\SRC\LIBRT\RELEASE\SPHERE.OBJ
C:\UF_TEACHING\CAP4730\PROG\PROJ2_RAYTRACER\SUBMIT\SRC\LIBRT\RELEASE\SHADER.OBJ
C:\UF_TEACHING\CAP4730\PROG\PROJ2_RAYTRACER\SUBMIT\SRC\LIBRT\RELEASE\SCENE.OBJ
C:\UF_TEACHING\CAP4730\PROG\PROJ2_RAYTRACER\SUBMIT\SRC\LIBRT\RELEASE\RGBR_F.OBJ
C:\UF_TEACHING\CAP4730\PROG\PROJ2_RAYTRACER\SUBMIT\SRC\LIBRT\RELEASE\RAYTRACER.OBJ
C:\UF_TEACHING\CAP4730\PROG\PROJ2_RAYTRACER\SUBMIT\SRC\LIBRT\RELEASE\RAY.OBJ
C:\UF_TEACHING\CAP4730\PROG\PROJ2_RAYTRACER\SUBMIT\SRC\LIBRT\RELEASE\LINEARSOLVER.OBJ
C:\UF_TEACHING\CAP4730\PROG\PROJ2_RAYTRACER\SUBMIT\SRC\LIBRT\RELEASE\LIGHT.OBJ
C:\UF_TEACHING\CAP4730\PROG\PROJ2_RAYTRACER\SUBMIT\SRC\LIBRT\RELEASE\INTERSECTION.OBJ
C:\UF_TEACHING\CAP4730\PROG\PROJ2_RAYTRACER\SUBMIT\SRC\LIBRT\RELEASE\CAMERA.OBJ
C:\UF_TEACHING\CAP4730\PROG\PROJ2_RAYTRACER\SUBMIT\SRC\LIBRT\RELEASE\VC110.PDB
C:\UF_TEACHING\CAP4730\PROG\PROJ2_RAYTRACER\SUBMIT\SRC\MAINSRC\LIB\RELEASE\LIBRT.LIB
C:\UF_Teaching\CAP4730\prog\proj2_raytracer\submit\src\librt\Release\Camera.obj
C:\UF_Teaching\CAP4730\prog\proj2_raytracer\submit\src\librt\Release\Intersection.obj
C:\UF_Teaching\CAP4730\prog\proj2_raytracer\submit\src\librt\Release\Light.obj
C:\UF_Teaching\CAP4730\prog\proj2_raytracer\submit\src\librt\Release\LinearSolver.obj
C:\UF_Teaching\CAP4730\prog\proj2_raytracer\submit\src\librt\Release\Ray.obj
C:\UF_Teaching\CAP4730\prog\proj2_raytracer\submit\src\librt\Release\RayTracer.obj
C:\UF_Teaching\CAP4730\prog\proj2_raytracer\submit\src\librt\Release\RGBR_f.obj
C:\UF_Teaching\CAP4730\prog\proj2_raytracer\submit\src\librt\Release\Scene.obj
C:\UF_Teaching\CAP4730\prog\proj2_raytracer\submit\src\librt\Release\Shader.obj
C:\UF_Teaching\CAP4730\prog\proj2_raytracer\submit\src\librt\Release\Sphere.obj
C:\UF_Teaching\CAP4730\prog\proj2_raytracer\submit\src\librt\Release\Surface.obj
C:\UF_Teaching\CAP4730\prog\proj2_raytracer\submit\src\librt\Release\Triangle.obj
C:\UF_Teaching\CAP4730\prog\proj2_raytracer\submit\src\librt\Release\utilities.obj
C:\UF_Teaching\CAP4730\prog\proj2_raytracer\submit\src\librt\Release\cl.command.1.tlog
C:\UF_Teaching\CAP4730\prog\proj2_raytracer\submit\src\librt\Release\CL.read.1.tlog
C:\UF_Teaching\CAP4730\prog\proj2_raytracer\submit\src\librt\Release\CL.write.1.tlog
C:\UF_Teaching\CAP4730\prog\proj2_raytracer\submit\src\librt\Release\Lib-link.read.1.tlog
C:\UF_Teaching\CAP4730\prog\proj2_raytracer\submit\src\librt\Release\Lib-link.write.1.tlog
C:\UF_Teaching\CAP4730\prog\proj2_raytracer\submit\src\librt\Release\lib.command.1.tlog
C:\UF_Teaching\CAP4730\prog\proj2_raytracer\submit\src\librt\Release\vc110.pdb
C:\UF_Teaching\CAP4730\prog\proj2_raytracer\submit\src\mainsrc\\lib\Release\librt.lib
