C:\UF_TEACHING\CAP4730\PROG\PROJ4\PROG4_GLSLSHADERS_SUBMIT\SRC\LIBST\VC2008\DEBUG\STCOLOR4F.OBJ
C:\UF_TEACHING\CAP4730\PROG\PROJ4\PROG4_GLSLSHADERS_SUBMIT\SRC\LIBST\VC2008\DEBUG\STCOLOR4UB.OBJ
C:\UF_TEACHING\CAP4730\PROG\PROJ4\PROG4_GLSLSHADERS_SUBMIT\SRC\LIBST\VC2008\DEBUG\STFONT.OBJ
C:\UF_TEACHING\CAP4730\PROG\PROJ4\PROG4_GLSLSHADERS_SUBMIT\SRC\LIBST\VC2008\DEBUG\STIMAGE.OBJ
C:\UF_TEACHING\CAP4730\PROG\PROJ4\PROG4_GLSLSHADERS_SUBMIT\SRC\LIBST\VC2008\DEBUG\STIMAGE_JPEG.OBJ
C:\UF_TEACHING\CAP4730\PROG\PROJ4\PROG4_GLSLSHADERS_SUBMIT\SRC\LIBST\VC2008\DEBUG\STIMAGE_PNG.OBJ
C:\UF_TEACHING\CAP4730\PROG\PROJ4\PROG4_GLSLSHADERS_SUBMIT\SRC\LIBST\VC2008\DEBUG\STIMAGE_PPM.OBJ
C:\UF_TEACHING\CAP4730\PROG\PROJ4\PROG4_GLSLSHADERS_SUBMIT\SRC\LIBST\VC2008\DEBUG\STJOYSTICK.OBJ
C:\UF_TEACHING\CAP4730\PROG\PROJ4\PROG4_GLSLSHADERS_SUBMIT\SRC\LIBST\VC2008\DEBUG\STJOYSTICK_WIN32.OBJ
C:\UF_TEACHING\CAP4730\PROG\PROJ4\PROG4_GLSLSHADERS_SUBMIT\SRC\LIBST\VC2008\DEBUG\STPOINT2.OBJ
C:\UF_TEACHING\CAP4730\PROG\PROJ4\PROG4_GLSLSHADERS_SUBMIT\SRC\LIBST\VC2008\DEBUG\STPOINT3.OBJ
C:\UF_TEACHING\CAP4730\PROG\PROJ4\PROG4_GLSLSHADERS_SUBMIT\SRC\LIBST\VC2008\DEBUG\STSHADERPROGRAM.OBJ
C:\UF_TEACHING\CAP4730\PROG\PROJ4\PROG4_GLSLSHADERS_SUBMIT\SRC\LIBST\VC2008\DEBUG\STSHAPE.OBJ
C:\UF_TEACHING\CAP4730\PROG\PROJ4\PROG4_GLSLSHADERS_SUBMIT\SRC\LIBST\VC2008\DEBUG\STTEXTURE.OBJ
C:\UF_TEACHING\CAP4730\PROG\PROJ4\PROG4_GLSLSHADERS_SUBMIT\SRC\LIBST\VC2008\DEBUG\STTIMER.OBJ
C:\UF_TEACHING\CAP4730\PROG\PROJ4\PROG4_GLSLSHADERS_SUBMIT\SRC\LIBST\VC2008\DEBUG\STTRIANGLEMESH.OBJ
C:\UF_TEACHING\CAP4730\PROG\PROJ4\PROG4_GLSLSHADERS_SUBMIT\SRC\LIBST\VC2008\DEBUG\STVECTOR2.OBJ
C:\UF_TEACHING\CAP4730\PROG\PROJ4\PROG4_GLSLSHADERS_SUBMIT\SRC\LIBST\VC2008\DEBUG\STVECTOR3.OBJ
C:\UF_TEACHING\CAP4730\PROG\PROJ4\PROG4_GLSLSHADERS_SUBMIT\SRC\LIBST\VC2008\DEBUG\STVECTOR4.OBJ
C:\UF_TEACHING\CAP4730\PROG\PROJ4\PROG4_GLSLSHADERS_SUBMIT\SRC\LIBST\VC2008\DEBUG\TINY_OBJ_LOADER.OBJ
C:\UF_TEACHING\CAP4730\PROG\PROJ4\PROG4_GLSLSHADERS_SUBMIT\SRC\LIBST\VC2008\DEBUG\STCOLOR3F.OBJ
C:\UF_TEACHING\CAP4730\PROG\PROJ4\PROG4_GLSLSHADERS_SUBMIT\SRC\LIBST\VC2008\DEBUG\VC110.PDB
C:\UF_TEACHING\CAP4730\PROG\PROJ4\PROG4_GLSLSHADERS_SUBMIT\SRC\LIBST\LIB\DEBUG\LIBST.LIB
C:\UF_Teaching\CAP4730\prog\proj4\prog4_GLSLshaders_submit\src\libst\vc2008\Debug\STColor3f.obj
C:\UF_Teaching\CAP4730\prog\proj4\prog4_GLSLshaders_submit\src\libst\vc2008\Debug\STColor4f.obj
C:\UF_Teaching\CAP4730\prog\proj4\prog4_GLSLshaders_submit\src\libst\vc2008\Debug\STColor4ub.obj
C:\UF_Teaching\CAP4730\prog\proj4\prog4_GLSLshaders_submit\src\libst\vc2008\Debug\STFont.obj
C:\UF_Teaching\CAP4730\prog\proj4\prog4_GLSLshaders_submit\src\libst\vc2008\Debug\STImage.obj
C:\UF_Teaching\CAP4730\prog\proj4\prog4_GLSLshaders_submit\src\libst\vc2008\Debug\STImage_jpeg.obj
C:\UF_Teaching\CAP4730\prog\proj4\prog4_GLSLshaders_submit\src\libst\vc2008\Debug\STImage_png.obj
C:\UF_Teaching\CAP4730\prog\proj4\prog4_GLSLshaders_submit\src\libst\vc2008\Debug\STImage_ppm.obj
C:\UF_Teaching\CAP4730\prog\proj4\prog4_GLSLshaders_submit\src\libst\vc2008\Debug\STJoystick.obj
C:\UF_Teaching\CAP4730\prog\proj4\prog4_GLSLshaders_submit\src\libst\vc2008\Debug\STJoystick_win32.obj
C:\UF_Teaching\CAP4730\prog\proj4\prog4_GLSLshaders_submit\src\libst\vc2008\Debug\STPoint2.obj
C:\UF_Teaching\CAP4730\prog\proj4\prog4_GLSLshaders_submit\src\libst\vc2008\Debug\STPoint3.obj
C:\UF_Teaching\CAP4730\prog\proj4\prog4_GLSLshaders_submit\src\libst\vc2008\Debug\STShaderProgram.obj
C:\UF_Teaching\CAP4730\prog\proj4\prog4_GLSLshaders_submit\src\libst\vc2008\Debug\STShape.obj
C:\UF_Teaching\CAP4730\prog\proj4\prog4_GLSLshaders_submit\src\libst\vc2008\Debug\STTexture.obj
C:\UF_Teaching\CAP4730\prog\proj4\prog4_GLSLshaders_submit\src\libst\vc2008\Debug\STTimer.obj
C:\UF_Teaching\CAP4730\prog\proj4\prog4_GLSLshaders_submit\src\libst\vc2008\Debug\STTriangleMesh.obj
C:\UF_Teaching\CAP4730\prog\proj4\prog4_GLSLshaders_submit\src\libst\vc2008\Debug\STVector2.obj
C:\UF_Teaching\CAP4730\prog\proj4\prog4_GLSLshaders_submit\src\libst\vc2008\Debug\STVector3.obj
C:\UF_Teaching\CAP4730\prog\proj4\prog4_GLSLshaders_submit\src\libst\vc2008\Debug\STVector4.obj
C:\UF_Teaching\CAP4730\prog\proj4\prog4_GLSLshaders_submit\src\libst\vc2008\Debug\tiny_obj_loader.obj
C:\UF_Teaching\CAP4730\prog\proj4\prog4_GLSLshaders_submit\src\libst\vc2008\Debug\cl.command.1.tlog
C:\UF_Teaching\CAP4730\prog\proj4\prog4_GLSLshaders_submit\src\libst\vc2008\Debug\CL.read.1.tlog
C:\UF_Teaching\CAP4730\prog\proj4\prog4_GLSLshaders_submit\src\libst\vc2008\Debug\CL.write.1.tlog
C:\UF_Teaching\CAP4730\prog\proj4\prog4_GLSLshaders_submit\src\libst\vc2008\Debug\Lib-link.read.1.tlog
C:\UF_Teaching\CAP4730\prog\proj4\prog4_GLSLshaders_submit\src\libst\vc2008\Debug\Lib-link.write.1.tlog
C:\UF_Teaching\CAP4730\prog\proj4\prog4_GLSLshaders_submit\src\libst\vc2008\Debug\lib.command.1.tlog
C:\UF_Teaching\CAP4730\prog\proj4\prog4_GLSLshaders_submit\src\libst\vc2008\Debug\vc110.idb
C:\UF_Teaching\CAP4730\prog\proj4\prog4_GLSLshaders_submit\src\libst\vc2008\Debug\vc110.pdb
